Performing system checks...

System check identified no issues (0 silenced).
April 29, 2026 - 20:21:58
Django version 6.0.3, using settings 'config.settings'
Starting development server at http://127.0.0.1:8002/
Quit the server with CTRL-BREAK.

WARNING: This is a development server. Do not use it in a production setting. Use a production WSGI or ASGI server instead.
For more information on production servers see: https://docs.djangoproject.com/en/6.0/howto/deployment/
Performing system checks...

System check identified no issues (0 silenced).
April 29, 2026 - 20:56:12
Django version 6.0.3, using settings 'config.settings'
Starting development server at http://127.0.0.1:8002/
Quit the server with CTRL-BREAK.

WARNING: This is a development server. Do not use it in a production setting. Use a production WSGI or ASGI server instead.
For more information on production servers see: https://docs.djangoproject.com/en/6.0/howto/deployment/
Performing system checks...

System check identified no issues (0 silenced).
April 29, 2026 - 20:56:42
Django version 6.0.3, using settings 'config.settings'
Starting development server at http://127.0.0.1:8002/
Quit the server with CTRL-BREAK.

WARNING: This is a development server. Do not use it in a production setting. Use a production WSGI or ASGI server instead.
For more information on production servers see: https://docs.djangoproject.com/en/6.0/howto/deployment/
Performing system checks...

System check identified no issues (0 silenced).
April 29, 2026 - 20:56:54
Django version 6.0.3, using settings 'config.settings'
Starting development server at http://127.0.0.1:8002/
Quit the server with CTRL-BREAK.

WARNING: This is a development server. Do not use it in a production setting. Use a production WSGI or ASGI server instead.
For more information on production servers see: https://docs.djangoproject.com/en/6.0/howto/deployment/
Performing system checks...

System check identified no issues (0 silenced).
April 29, 2026 - 20:57:02
Django version 6.0.3, using settings 'config.settings'
Starting development server at http://127.0.0.1:8002/
Quit the server with CTRL-BREAK.

WARNING: This is a development server. Do not use it in a production setting. Use a production WSGI or ASGI server instead.
For more information on production servers see: https://docs.djangoproject.com/en/6.0/howto/deployment/
Performing system checks...

System check identified no issues (0 silenced).
May 04, 2026 - 06:08:15
Django version 6.0.3, using settings 'config.settings'
Starting development server at http://127.0.0.1:8002/
Quit the server with CTRL-BREAK.

WARNING: This is a development server. Do not use it in a production setting. Use a production WSGI or ASGI server instead.
For more information on production servers see: https://docs.djangoproject.com/en/6.0/howto/deployment/
Performing system checks...

System check identified no issues (0 silenced).
May 04, 2026 - 06:15:05
Django version 6.0.3, using settings 'config.settings'
Starting development server at http://127.0.0.1:8002/
Quit the server with CTRL-BREAK.

WARNING: This is a development server. Do not use it in a production setting. Use a production WSGI or ASGI server instead.
For more information on production servers see: https://docs.djangoproject.com/en/6.0/howto/deployment/
Performing system checks...

System check identified no issues (0 silenced).
May 04, 2026 - 08:50:57
Django version 6.0.3, using settings 'config.settings'
Starting development server at http://127.0.0.1:8002/
Quit the server with CTRL-BREAK.

WARNING: This is a development server. Do not use it in a production setting. Use a production WSGI or ASGI server instead.
For more information on production servers see: https://docs.djangoproject.com/en/6.0/howto/deployment/
Performing system checks...

System check identified no issues (0 silenced).
May 04, 2026 - 08:51:00
Django version 6.0.3, using settings 'config.settings'
Starting development server at http://127.0.0.1:8002/
Quit the server with CTRL-BREAK.

WARNING: This is a development server. Do not use it in a production setting. Use a production WSGI or ASGI server instead.
For more information on production servers see: https://docs.djangoproject.com/en/6.0/howto/deployment/
Performing system checks...

System check identified no issues (0 silenced).
May 04, 2026 - 08:52:12
Django version 6.0.3, using settings 'config.settings'
Starting development server at http://127.0.0.1:8002/
Quit the server with CTRL-BREAK.

WARNING: This is a development server. Do not use it in a production setting. Use a production WSGI or ASGI server instead.
For more information on production servers see: https://docs.djangoproject.com/en/6.0/howto/deployment/
